#! /c/Source/iverilog-install/bin/vvp
:ivl_version "12.0 (devel)" "(s20150603-1539-g2693dd32b)";
:ivl_delay_selection "TYPICAL";
:vpi_time_precision - 12;
:vpi_module "C:\iverilog\lib\ivl\system.vpi";
:vpi_module "C:\iverilog\lib\ivl\vhdl_sys.vpi";
:vpi_module "C:\iverilog\lib\ivl\vhdl_textio.vpi";
:vpi_module "C:\iverilog\lib\ivl\v2005_math.vpi";
:vpi_module "C:\iverilog\lib\ivl\va_math.vpi";
S_000001e7448310e0 .scope module, "Top_testbench" "Top_testbench" 2 3;
 .timescale -9 -12;
v000001e744bcfd40_0 .var "button_in", 0 0;
v000001e744bcf200_0 .net "led", 5 0, v000001e744bcdc90_0;  1 drivers
v000001e744bcfde0_0 .var "sys_clk", 0 0;
v000001e744bce300_0 .var "sys_rst_n", 0 0;
S_000001e74474d950 .scope module, "uut" "Top" 2 10, 3 1 0, S_000001e7448310e0;
 .timescale -9 -12;
    .port_info 0 /INPUT 1 "sys_clk";
    .port_info 1 /INPUT 1 "sys_rst_n";
    .port_info 2 /INPUT 1 "button_in";
    .port_info 3 /OUTPUT 6 "led";
v000001e744bceda0_0 .net "button_in", 0 0, v000001e744bcfd40_0;  1 drivers
v000001e744bcea80_0 .net "cpu_clk", 0 0, v000001e744814860_0;  1 drivers
v000001e744bce580_0 .net "led", 5 0, v000001e744bcdc90_0;  alias, 1 drivers
v000001e744bce440_0 .net "sys_clk", 0 0, v000001e744bcfde0_0;  1 drivers
v000001e744bcf660_0 .net "sys_rst_n", 0 0, v000001e744bce300_0;  1 drivers
S_000001e74474dae0 .scope module, "clk_div" "ClockDivider" 3 10, 4 1 0, S_000001e74474d950;
 .timescale -9 -12;
    .port_info 0 /INPUT 1 "clk_in";
    .port_info 1 /INPUT 1 "reset_in";
    .port_info 2 /OUTPUT 1 "clk_out";
P_000001e744811cb0 .param/l "THRESHOLD" 1 4 9, C4<0000000000000000000000010>;
v000001e744816160_0 .net "clk_in", 0 0, v000001e744bcfde0_0;  alias, 1 drivers
v000001e744814860_0 .var "clk_out", 0 0;
v000001e744815620_0 .var "counter", 24 0;
v000001e744815260_0 .net "reset_in", 0 0, v000001e744bce300_0;  alias, 1 drivers
E_000001e744811870/0 .event negedge, v000001e744815260_0;
E_000001e744811870/1 .event posedge, v000001e744816160_0;
E_000001e744811870 .event/or E_000001e744811870/0, E_000001e744811870/1;
S_000001e7447e1250 .scope module, "cpu_inst" "CPU" 3 16, 5 1 0, S_000001e74474d950;
 .timescale -9 -12;
    .port_info 0 /INPUT 1 "clk";
    .port_info 1 /INPUT 1 "reset";
    .port_info 2 /INPUT 1 "i_button";
    .port_info 3 /OUTPUT 6 "o_led";
P_000001e7447e57d0 .param/l "BUTTON_ADDRESS" 1 5 82, C4<00000000000000000000000001111011>;
P_000001e7447e5808 .param/l "LED_ADDRESS" 1 5 81, C4<00000000000000000000000001111010>;
L_000001e744821790 .functor OR 1, L_000001e744bcf340, L_000001e744bcf0c0, C4<0>, C4<0>;
L_000001e7448220c0 .functor OR 1, L_000001e744821790, L_000001e744bce800, C4<0>, C4<0>;
L_000001e744821c60 .functor AND 1, v000001e744bca880_0, L_000001e744bcebc0, C4<1>, C4<1>;
v000001e744bcb460_0 .var "Ex_Mem_ALU_Result", 31 0;
v000001e744bcb6e0_0 .var "Ex_Mem_Mem_Read", 0 0;
v000001e744bca880_0 .var "Ex_Mem_Mem_Write", 0 0;
v000001e744bca560_0 .var "Ex_Mem_Mem_to_Reg", 0 0;
v000001e744bca380_0 .var "Ex_Mem_Reg_Write", 0 0;
v000001e744bca4c0_0 .var "Ex_Mem_rd_index", 4 0;
v000001e744bcbbe0_0 .var "Ex_Mem_rs2_data", 31 0;
v000001e744bcaa60_0 .var "ID_Ex_ALU_Control", 3 0;
v000001e744bca420_0 .var "ID_Ex_ALU_Src", 0 0;
v000001e744bcb280_0 .var "ID_Ex_ALU_Src_A", 1 0;
v000001e744bcab00_0 .var "ID_Ex_Is_Link", 0 0;
v000001e744bcac40_0 .var "ID_Ex_Mem_Read", 0 0;
v000001e744bcb320_0 .var "ID_Ex_Mem_Write", 0 0;
v000001e744bcb780_0 .var "ID_Ex_Mem_to_Reg", 0 0;
v000001e744bca600_0 .var "ID_Ex_PC", 31 0;
v000001e744bca920_0 .var "ID_Ex_Reg_Write", 0 0;
v000001e744bcbc80_0 .var "ID_Ex_imm", 31 0;
v000001e744bcb820_0 .var "ID_Ex_rd_index", 4 0;
v000001e744bca6a0_0 .var "ID_Ex_rs1_data", 31 0;
v000001e744bcace0_0 .var "ID_Ex_rs1_index", 4 0;
v000001e744bcb8c0_0 .var "ID_Ex_rs2_data", 31 0;
v000001e744bcbd20_0 .var "ID_Ex_rs2_index", 4 0;
v000001e744bcaec0_0 .var "IF_ID_Instruction", 31 0;
v000001e744bcba00_0 .var "IF_ID_PC", 31 0;
v000001e744bcaf60_0 .var "Mem_WB_ALU_Result", 31 0;
v000001e744bcbe60_0 .var "Mem_WB_Mem_to_Reg", 0 0;
v000001e744bca740_0 .var "Mem_WB_Read_Data", 31 0;
v000001e744bca9c0_0 .var "Mem_WB_Reg_Write", 0 0;
v000001e744bca7e0_0 .var "Mem_WB_rd_index", 4 0;
v000001e744bcad80_0 .net *"_ivl_11", 0 0, L_000001e744821790;  1 drivers
L_000001e744bd0298 .functor BUFT 1, C4<1100111>, C4<0>, C4<0>, C4<0>;
v000001e744bcbaa0_0 .net/2u *"_ivl_12", 6 0, L_000001e744bd0298;  1 drivers
v000001e744bcae20_0 .net *"_ivl_14", 0 0, L_000001e744bce800;  1 drivers
L_000001e744bd0208 .functor BUFT 1, C4<1100011>, C4<0>, C4<0>, C4<0>;
v000001e744bcbdc0_0 .net/2u *"_ivl_2", 6 0, L_000001e744bd0208;  1 drivers
L_000001e744bd03b8 .functor BUFT 1, C4<00000000000000000000000001111010>, C4<0>, C4<0>, C4<0>;
v000001e744bcc2f0_0 .net/2u *"_ivl_24", 31 0, L_000001e744bd03b8;  1 drivers
v000001e744bcdbf0_0 .net *"_ivl_29", 0 0, L_000001e744bcebc0;  1 drivers
v000001e744bcd970_0 .net *"_ivl_4", 0 0, L_000001e744bcf340;  1 drivers
L_000001e744bd0250 .functor BUFT 1, C4<1101111>, C4<0>, C4<0>, C4<0>;
v000001e744bcd8d0_0 .net/2u *"_ivl_6", 6 0, L_000001e744bd0250;  1 drivers
v000001e744bcddd0_0 .net *"_ivl_8", 0 0, L_000001e744bcf0c0;  1 drivers
v000001e744bcd510_0 .net "alu_control", 3 0, v000001e744815800_0;  1 drivers
v000001e744bcccf0_0 .var "alu_input1", 31 0;
v000001e744bcc570_0 .var "alu_input2", 31 0;
v000001e744bcd290_0 .net "alu_result", 31 0, v000001e744815ee0_0;  1 drivers
v000001e744bcc750_0 .var "alu_src_a_ctrl", 1 0;
v000001e744bcd5b0_0 .var "alu_src_ctrl", 0 0;
v000001e744bcc250_0 .var "branch_op1", 31 0;
v000001e744bcd330_0 .var "branch_op2", 31 0;
v000001e744bcd1f0_0 .var "branch_taken", 0 0;
v000001e744bcc610_0 .var "button_sync_0", 0 0;
v000001e744bcc110_0 .var "button_sync_1", 0 0;
v000001e744bcc1b0_0 .net "clk", 0 0, v000001e744814860_0;  alias, 1 drivers
v000001e744bcc7f0_0 .net "current_pc", 31 0, v000001e744bc8c30_0;  1 drivers
v000001e744bcdb50_0 .net "dmem_write_enable", 0 0, L_000001e744821c60;  1 drivers
v000001e744bcd650_0 .var "forward_a", 1 0;
v000001e744bcdd30_0 .var "forward_b", 1 0;
v000001e744bcd010_0 .var "forwarded_rs1_data", 31 0;
v000001e744bcda10_0 .var "forwarded_rs2_data", 31 0;
v000001e744bcce30_0 .net "funct3", 2 0, L_000001e744bce3a0;  1 drivers
v000001e744bcd0b0_0 .net "funct7", 6 0, L_000001e744bcf160;  1 drivers
v000001e744bcd830_0 .net "i_button", 0 0, v000001e744bcfd40_0;  alias, 1 drivers
v000001e744bcdab0_0 .net "imm", 31 0, v000001e744815580_0;  1 drivers
v000001e744bcde70_0 .net "instruction", 31 0, v000001e744bc9c70_0;  1 drivers
v000001e744bcc4d0_0 .net "is_branch_instruction", 0 0, L_000001e7448220c0;  1 drivers
v000001e744bccd90_0 .net "is_equal", 0 0, L_000001e744bcf840;  1 drivers
v000001e744bcc9d0_0 .net "is_led_access", 0 0, L_000001e744bce9e0;  1 drivers
v000001e744bcc6b0_0 .net "is_less_signed", 0 0, L_000001e744bcf520;  1 drivers
v000001e744bcd3d0_0 .net "is_less_unsigned", 0 0, L_000001e744bcf5c0;  1 drivers
v000001e744bccc50_0 .var "is_link_control", 0 0;
v000001e744bcc390_0 .net "mem_read_data", 31 0, v000001e744815f80_0;  1 drivers
v000001e744bcd6f0_0 .var "mem_to_reg_ctrl", 0 0;
v000001e744bcced0_0 .var "next_pc", 31 0;
v000001e744bcd470_0 .var "next_pc_final", 31 0;
v000001e744bcdc90_0 .var "o_led", 5 0;
v000001e744bcd790_0 .net "opcode", 6 0, L_000001e744bcfa20;  1 drivers
v000001e744bcd150_0 .var "pc_branch", 31 0;
v000001e744bccf70_0 .var "pc_plus_4", 31 0;
v000001e744bcc890_0 .net "rd", 4 0, L_000001e744bcfb60;  1 drivers
v000001e744bcdf10_0 .net "reg_read_data1", 31 0, L_000001e744bce4e0;  1 drivers
v000001e744bcdfb0_0 .net "reg_read_data2", 31 0, L_000001e744bcfca0;  1 drivers
v000001e744bcc430_0 .var "reg_write_ctrl", 0 0;
v000001e744bcc930_0 .var "reg_write_data", 31 0;
v000001e744bcca70_0 .net "reset", 0 0, v000001e744bce300_0;  alias, 1 drivers
v000001e744bccb10_0 .net "rs1", 4 0, L_000001e744bcf700;  1 drivers
v000001e744bccbb0_0 .net "rs2", 4 0, L_000001e744bcf8e0;  1 drivers
v000001e744bce1c0_0 .net "stall", 0 0, L_000001e744821b10;  1 drivers
E_000001e744811830 .event anyedge, v000001e744bcbe60_0, v000001e744bca740_0, v000001e744bcaf60_0;
E_000001e7448118f0/0 .event anyedge, v000001e744bcd650_0, v000001e744bca6a0_0, v000001e744815120_0, v000001e744bca2e0_0;
E_000001e7448118f0/1 .event anyedge, v000001e744bcdd30_0, v000001e744bcb8c0_0, v000001e744bcb280_0, v000001e744bcd010_0;
E_000001e7448118f0/2 .event anyedge, v000001e744bca600_0, v000001e744bca420_0, v000001e744bcbc80_0, v000001e744bcda10_0;
E_000001e7448118f0 .event/or E_000001e7448118f0/0, E_000001e7448118f0/1, E_000001e7448118f0/2;
E_000001e744811970/0 .event anyedge, v000001e744bc9a90_0, v000001e744bc99f0_0, v000001e744bcace0_0, v000001e744bcb960_0;
E_000001e744811970/1 .event anyedge, v000001e744bca1a0_0, v000001e744bcbd20_0;
E_000001e744811970 .event/or E_000001e744811970/0, E_000001e744811970/1;
E_000001e7448130f0/0 .event anyedge, v000001e744bc9bd0_0, v000001e744814c20_0, v000001e744bcba00_0, v000001e744815580_0;
E_000001e7448130f0/1 .event anyedge, v000001e744bcc250_0, v000001e744814a40_0, v000001e744bccd90_0, v000001e744bcc6b0_0;
E_000001e7448130f0/2 .event anyedge, v000001e744bcd3d0_0, v000001e744bcd1f0_0, v000001e744bcd150_0, v000001e744bccf70_0;
E_000001e7448130f0 .event/or E_000001e7448130f0/0, E_000001e7448130f0/1, E_000001e7448130f0/2;
E_000001e744810ab0/0 .event anyedge, v000001e744bc8230_0, v000001e744bc8e10_0, v000001e744815e40_0, v000001e744815ee0_0;
E_000001e744810ab0/1 .event anyedge, v000001e744bc9a90_0, v000001e744bc99f0_0, v000001e744815120_0, v000001e744bcb140_0;
E_000001e744810ab0/2 .event anyedge, v000001e7448162a0_0, v000001e744bcb640_0;
E_000001e744810ab0 .event/or E_000001e744810ab0/0, E_000001e744810ab0/1, E_000001e744810ab0/2;
E_000001e744810b30 .event anyedge, v000001e744814c20_0;
E_000001e744811030 .event anyedge, v000001e744bc85f0_0, v000001e744bc9bd0_0, v000001e744bcced0_0;
L_000001e744bcf980 .reduce/nor L_000001e744821b10;
L_000001e744bcf340 .cmp/eq 7, L_000001e744bcfa20, L_000001e744bd0208;
L_000001e744bcf0c0 .cmp/eq 7, L_000001e744bcfa20, L_000001e744bd0250;
L_000001e744bce800 .cmp/eq 7, L_000001e744bcfa20, L_000001e744bd0298;
L_000001e744bcf840 .cmp/eq 32, v000001e744bcc250_0, v000001e744bcd330_0;
L_000001e744bcf520 .cmp/gt.s 32, v000001e744bcd330_0, v000001e744bcc250_0;
L_000001e744bcf5c0 .cmp/gt 32, v000001e744bcd330_0, v000001e744bcc250_0;
L_000001e744bce9e0 .cmp/eq 32, v000001e744bcb460_0, L_000001e744bd03b8;
L_000001e744bcebc0 .reduce/nor L_000001e744bce9e0;
S_000001e7447e13e0 .scope module, "ALU" "ALU" 5 317, 6 1 0, S_000001e7447e1250;
 .timescale -9 -12;
    .port_info 0 /INPUT 1 "clk";
    .port_info 1 /INPUT 32 "operand1";
    .port_info 2 /INPUT 32 "operand2";
    .port_info 3 /INPUT 4 "alu_control";
    .port_info 4 /OUTPUT 32 "alu_result";
v000001e744816200_0 .net "alu_control", 3 0, v000001e744bcaa60_0;  1 drivers
v000001e744815ee0_0 .var "alu_result", 31 0;
v000001e744814ae0_0 .net "clk", 0 0, v000001e744814860_0;  alias, 1 drivers
v000001e744814900_0 .net "operand1", 31 0, v000001e744bcccf0_0;  1 drivers
v000001e744815760_0 .net "operand2", 31 0, v000001e744bcc570_0;  1 drivers
E_000001e7447df530 .event anyedge, v000001e744816200_0, v000001e744814900_0, v000001e744815760_0;
S_000001e7447d46e0 .scope module, "ALUControl" "ALUControl" 5 143, 7 1 0, S_000001e7447e1250;
 .timescale -9 -12;
    .port_info 0 /INPUT 1 "clk";
    .port_info 1 /INPUT 7 "opcode";
    .port_info 2 /INPUT 7 "funct7";
    .port_info 3 /INPUT 3 "funct3";
    .port_info 4 /OUTPUT 4 "alu_control";
v000001e744815800_0 .var "alu_control", 3 0;
v000001e7448165c0_0 .net "clk", 0 0, v000001e744814860_0;  alias, 1 drivers
v000001e744814a40_0 .net "funct3", 2 0, L_000001e744bce3a0;  alias, 1 drivers
v000001e7448160c0_0 .net "funct7", 6 0, L_000001e744bcf160;  alias, 1 drivers
v000001e744814c20_0 .net "opcode", 6 0, L_000001e744bcfa20;  alias, 1 drivers
E_000001e7447e00b0 .event anyedge, v000001e744814c20_0, v000001e744814a40_0, v000001e7448160c0_0;
S_000001e7447d4870 .scope module, "DMem" "DMem" 5 332, 8 1 0, S_000001e7447e1250;
 .timescale -9 -12;
    .port_info 0 /INPUT 1 "clk";
    .port_info 1 /INPUT 32 "addr";
    .port_info 2 /INPUT 32 "write_data";
    .port_info 3 /INPUT 1 "mem_read";
    .port_info 4 /INPUT 1 "mem_write";
    .port_info 5 /OUTPUT 32 "read_data";
v000001e744815120_0 .net "addr", 31 0, v000001e744bcb460_0;  1 drivers
v000001e7448151c0_0 .net "clk", 0 0, v000001e744814860_0;  alias, 1 drivers
v000001e744815300_0 .net "mem_read", 0 0, v000001e744bcb6e0_0;  1 drivers
v000001e7448147c0_0 .net "mem_write", 0 0, L_000001e744821c60;  alias, 1 drivers
v000001e7448158a0 .array "memory", 4095 0, 31 0;
v000001e744815f80_0 .var "read_data", 31 0;
v000001e744815b20_0 .net "write_data", 31 0, v000001e744bcbbe0_0;  1 drivers
E_000001e7447dfeb0 .event negedge, v000001e744814860_0;
S_000001e7447f7720 .scope begin, "$ivl_for_loop0" "$ivl_for_loop0" 8 15, 8 15 0, S_000001e7447d4870;
 .timescale -9 -12;
v000001e744814720_0 .var/i "i", 31 0;
S_000001e7447f78b0 .scope module, "Decoder" "Decoder" 5 131, 9 1 0, S_000001e7447e1250;
 .timescale -9 -12;
    .port_info 0 /INPUT 1 "clk";
    .port_info 1 /INPUT 32 "instruction";
    .port_info 2 /OUTPUT 32 "imm";
    .port_info 3 /OUTPUT 7 "funct7";
    .port_info 4 /OUTPUT 5 "rs2";
    .port_info 5 /OUTPUT 5 "rs1";
    .port_info 6 /OUTPUT 3 "funct3";
    .port_info 7 /OUTPUT 5 "rd";
    .port_info 8 /OUTPUT 7 "opcode";
v000001e744815bc0_0 .net "clk", 0 0, v000001e744814860_0;  alias, 1 drivers
v000001e7448153a0_0 .net "funct3", 2 0, L_000001e744bce3a0;  alias, 1 drivers
v000001e7448154e0_0 .net "funct7", 6 0, L_000001e744bcf160;  alias, 1 drivers
v000001e744815580_0 .var "imm", 31 0;
v000001e744815c60_0 .net "instruction", 31 0, v000001e744bcaec0_0;  1 drivers
v000001e744815da0_0 .net "opcode", 6 0, L_000001e744bcfa20;  alias, 1 drivers
v000001e744815d00_0 .net "rd", 4 0, L_000001e744bcfb60;  alias, 1 drivers
v000001e744815e40_0 .net "rs1", 4 0, L_000001e744bcf700;  alias, 1 drivers
v000001e7448162a0_0 .net "rs2", 4 0, L_000001e744bcf8e0;  alias, 1 drivers
E_000001e7447df770 .event anyedge, v000001e744814c20_0, v000001e744815c60_0;
L_000001e744bcf160 .part v000001e744bcaec0_0, 25, 7;
L_000001e744bcf8e0 .part v000001e744bcaec0_0, 20, 5;
L_000001e744bcf700 .part v000001e744bcaec0_0, 15, 5;
L_000001e744bce3a0 .part v000001e744bcaec0_0, 12, 3;
L_000001e744bcfb60 .part v000001e744bcaec0_0, 7, 5;
L_000001e744bcfa20 .part v000001e744bcaec0_0, 0, 7;
S_000001e7447ee630 .scope module, "HazardDetectionUnit" "HazardDetectionUnit" 5 166, 10 1 0, S_000001e7447e1250;
 .timescale -9 -12;
    .port_info 0 /INPUT 1 "ID_Ex_Mem_Read";
    .port_info 1 /INPUT 1 "Ex_Mem_Mem_Read";
    .port_info 2 /INPUT 5 "ID_Ex_rd";
    .port_info 3 /INPUT 5 "IF_Id_rs1";
    .port_info 4 /INPUT 5 "IF_Id_rs2";
    .port_info 5 /INPUT 1 "is_branch";
    .port_info 6 /INPUT 1 "ID_Ex_Reg_Write";
    .port_info 7 /INPUT 1 "Ex_Mem_Reg_Write";
    .port_info 8 /INPUT 5 "Ex_Mem_rd";
    .port_info 9 /OUTPUT 1 "stall";
L_000001e744822130 .functor AND 1, v000001e744bcac40_0, L_000001e744bcf2a0, C4<1>, C4<1>;
L_000001e7448223d0 .functor OR 1, L_000001e744bcf3e0, L_000001e744bced00, C4<0>, C4<0>;
L_000001e744821800 .functor AND 1, L_000001e744822130, L_000001e7448223d0, C4<1>, C4<1>;
L_000001e7448221a0 .functor AND 1, v000001e744bca920_0, L_000001e744bce8a0, C4<1>, C4<1>;
L_000001e744821870 .functor OR 1, L_000001e744bcee40, L_000001e744bcf480, C4<0>, C4<0>;
L_000001e744822210 .functor AND 1, L_000001e7448221a0, L_000001e744821870, C4<1>, C4<1>;
L_000001e744821e90 .functor AND 1, v000001e744bcb6e0_0, L_000001e744bcfe80, C4<1>, C4<1>;
L_000001e744821a30 .functor OR 1, L_000001e744bcff20, L_000001e744bce940, C4<0>, C4<0>;
L_000001e744821aa0 .functor AND 1, L_000001e744821e90, L_000001e744821a30, C4<1>, C4<1>;
L_000001e744821bf0 .functor OR 1, L_000001e744822210, L_000001e744821aa0, C4<0>, C4<0>;
L_000001e744822280 .functor AND 1, L_000001e7448220c0, L_000001e744821bf0, C4<1>, C4<1>;
L_000001e744821b10 .functor OR 1, L_000001e744821800, L_000001e744822280, C4<0>, C4<0>;
v000001e744816020_0 .net "Ex_Mem_Mem_Read", 0 0, v000001e744bcb6e0_0;  alias, 1 drivers
v000001e744bc9a90_0 .net "Ex_Mem_Reg_Write", 0 0, v000001e744bca380_0;  1 drivers
v000001e744bc99f0_0 .net "Ex_Mem_rd", 4 0, v000001e744bca4c0_0;  1 drivers
v000001e744bc82d0_0 .net "ID_Ex_Mem_Read", 0 0, v000001e744bcac40_0;  1 drivers
v000001e744bc8230_0 .net "ID_Ex_Reg_Write", 0 0, v000001e744bca920_0;  1 drivers
v000001e744bc8e10_0 .net "ID_Ex_rd", 4 0, v000001e744bcb820_0;  1 drivers
v000001e744bc9d10_0 .net "IF_Id_rs1", 4 0, L_000001e744bcf700;  alias, 1 drivers
v000001e744bc9b30_0 .net "IF_Id_rs2", 4 0, L_000001e744bcf8e0;  alias, 1 drivers
L_000001e744bd02e0 .functor BUFT 1, C4<00000>, C4<0>, C4<0>, C4<0>;
v000001e744bc84b0_0 .net/2u *"_ivl_0", 4 0, L_000001e744bd02e0;  1 drivers
v000001e744bc9e50_0 .net *"_ivl_11", 0 0, L_000001e7448223d0;  1 drivers
L_000001e744bd0328 .functor BUFT 1, C4<00000>, C4<0>, C4<0>, C4<0>;
v000001e744bc8190_0 .net/2u *"_ivl_14", 4 0, L_000001e744bd0328;  1 drivers
v000001e744bc9db0_0 .net *"_ivl_16", 0 0, L_000001e744bce8a0;  1 drivers
v000001e744bc8d70_0 .net *"_ivl_19", 0 0, L_000001e7448221a0;  1 drivers
v000001e744bc8690_0 .net *"_ivl_2", 0 0, L_000001e744bcf2a0;  1 drivers
v000001e744bc9090_0 .net *"_ivl_20", 0 0, L_000001e744bcee40;  1 drivers
v000001e744bc8b90_0 .net *"_ivl_22", 0 0, L_000001e744bcf480;  1 drivers
v000001e744bc93b0_0 .net *"_ivl_25", 0 0, L_000001e744821870;  1 drivers
v000001e744bc8eb0_0 .net *"_ivl_27", 0 0, L_000001e744822210;  1 drivers
L_000001e744bd0370 .functor BUFT 1, C4<00000>, C4<0>, C4<0>, C4<0>;
v000001e744bc9130_0 .net/2u *"_ivl_28", 4 0, L_000001e744bd0370;  1 drivers
v000001e744bc98b0_0 .net *"_ivl_30", 0 0, L_000001e744bcfe80;  1 drivers
v000001e744bc9ef0_0 .net *"_ivl_33", 0 0, L_000001e744821e90;  1 drivers
v000001e744bc8370_0 .net *"_ivl_34", 0 0, L_000001e744bcff20;  1 drivers
v000001e744bc8a50_0 .net *"_ivl_36", 0 0, L_000001e744bce940;  1 drivers
v000001e744bc8730_0 .net *"_ivl_39", 0 0, L_000001e744821a30;  1 drivers
v000001e744bc8410_0 .net *"_ivl_41", 0 0, L_000001e744821aa0;  1 drivers
v000001e744bc8ff0_0 .net *"_ivl_43", 0 0, L_000001e744821bf0;  1 drivers
v000001e744bc89b0_0 .net *"_ivl_5", 0 0, L_000001e744822130;  1 drivers
v000001e744bc9f90_0 .net *"_ivl_6", 0 0, L_000001e744bcf3e0;  1 drivers
v000001e744bc91d0_0 .net *"_ivl_8", 0 0, L_000001e744bced00;  1 drivers
v000001e744bc87d0_0 .net "branch_data_hazard", 0 0, L_000001e744822280;  1 drivers
v000001e744bc8550_0 .net "is_branch", 0 0, L_000001e7448220c0;  alias, 1 drivers
v000001e744bc9270_0 .net "load_use_hazard", 0 0, L_000001e744821800;  1 drivers
v000001e744bc85f0_0 .net "stall", 0 0, L_000001e744821b10;  alias, 1 drivers
L_000001e744bcf2a0 .cmp/ne 5, v000001e744bcb820_0, L_000001e744bd02e0;
L_000001e744bcf3e0 .cmp/eq 5, v000001e744bcb820_0, L_000001e744bcf700;
L_000001e744bced00 .cmp/eq 5, v000001e744bcb820_0, L_000001e744bcf8e0;
L_000001e744bce8a0 .cmp/ne 5, v000001e744bcb820_0, L_000001e744bd0328;
L_000001e744bcee40 .cmp/eq 5, v000001e744bcb820_0, L_000001e744bcf700;
L_000001e744bcf480 .cmp/eq 5, v000001e744bcb820_0, L_000001e744bcf8e0;
L_000001e744bcfe80 .cmp/ne 5, v000001e744bca4c0_0, L_000001e744bd0370;
L_000001e744bcff20 .cmp/eq 5, v000001e744bca4c0_0, L_000001e744bcf700;
L_000001e744bce940 .cmp/eq 5, v000001e744bca4c0_0, L_000001e744bcf8e0;
S_000001e744796fa0 .scope module, "IMem" "IMem" 5 120, 11 1 0, S_000001e7447e1250;
 .timescale -9 -12;
    .port_info 0 /INPUT 1 "clk";
    .port_info 1 /INPUT 32 "addr";
    .port_info 2 /OUTPUT 32 "instruction";
v000001e744bc9bd0_0 .net "addr", 31 0, v000001e744bc8c30_0;  alias, 1 drivers
v000001e744bc9810_0 .net "clk", 0 0, v000001e744814860_0;  alias, 1 drivers
v000001e744bc9c70_0 .var "instruction", 31 0;
v000001e744bc8870 .array "memory", 4095 0, 31 0;
S_000001e744797130 .scope module, "PC" "PC" 5 103, 12 1 0, S_000001e7447e1250;
 .timescale -9 -12;
    .port_info 0 /INPUT 1 "clk";
    .port_info 1 /INPUT 1 "reset";
    .port_info 2 /INPUT 1 "write_enable";
    .port_info 3 /INPUT 32 "pc_in";
    .port_info 4 /OUTPUT 32 "pc_out";
v000001e744bc8af0_0 .net "clk", 0 0, v000001e744814860_0;  alias, 1 drivers
v000001e744bc9450_0 .net "pc_in", 31 0, v000001e744bcd470_0;  1 drivers
v000001e744bc8c30_0 .var "pc_out", 31 0;
v000001e744bc8910_0 .net "reset", 0 0, v000001e744bce300_0;  alias, 1 drivers
v000001e744bc9310_0 .net "write_enable", 0 0, L_000001e744bcf980;  1 drivers
E_000001e7447dfe30/0 .event negedge, v000001e744815260_0;
E_000001e7447dfe30/1 .event posedge, v000001e744814860_0;
E_000001e7447dfe30 .event/or E_000001e7447dfe30/0, E_000001e7447dfe30/1;
S_000001e74479c140 .scope module, "RegisterFile" "RegisterFile" 5 152, 13 1 0, S_000001e7447e1250;
 .timescale -9 -12;
    .port_info 0 /INPUT 1 "clk";
    .port_info 1 /INPUT 5 "read_reg1";
    .port_info 2 /INPUT 5 "read_reg2";
    .port_info 3 /INPUT 5 "write_reg";
    .port_info 4 /INPUT 32 "write_data";
    .port_info 5 /INPUT 1 "reg_write";
    .port_info 6 /OUTPUT 32 "read_data1";
    .port_info 7 /OUTPUT 32 "read_data2";
L_000001e7448219c0 .functor AND 1, v000001e744bca9c0_0, L_000001e744bcfac0, C4<1>, C4<1>;
L_000001e744822520 .functor AND 1, L_000001e7448219c0, L_000001e744bce6c0, C4<1>, C4<1>;
L_000001e744822600 .functor AND 1, v000001e744bca9c0_0, L_000001e744bce620, C4<1>, C4<1>;
L_000001e744822670 .functor AND 1, L_000001e744822600, L_000001e744bcf7a0, C4<1>, C4<1>;
L_000001e744bd00e8 .functor BUFT 1, C4<00000>, C4<0>, C4<0>, C4<0>;
v000001e744bc80f0_0 .net/2u *"_ivl_0", 4 0, L_000001e744bd00e8;  1 drivers
v000001e744bc8cd0_0 .net *"_ivl_10", 31 0, L_000001e744bce260;  1 drivers
v000001e744bc8f50_0 .net *"_ivl_12", 6 0, L_000001e744bcfc00;  1 drivers
L_000001e744bd0130 .functor BUFT 1, C4<00>, C4<0>, C4<0>, C4<0>;
v000001e744bc94f0_0 .net *"_ivl_15", 1 0, L_000001e744bd0130;  1 drivers
L_000001e744bd0178 .functor BUFT 1, C4<00000>, C4<0>, C4<0>, C4<0>;
v000001e744bc9590_0 .net/2u *"_ivl_18", 4 0, L_000001e744bd0178;  1 drivers
v000001e744bc9630_0 .net *"_ivl_2", 0 0, L_000001e744bcfac0;  1 drivers
v000001e744bc96d0_0 .net *"_ivl_20", 0 0, L_000001e744bce620;  1 drivers
v000001e744bc9770_0 .net *"_ivl_23", 0 0, L_000001e744822600;  1 drivers
v000001e744bc9950_0 .net *"_ivl_24", 0 0, L_000001e744bcf7a0;  1 drivers
v000001e744bcaba0_0 .net *"_ivl_27", 0 0, L_000001e744822670;  1 drivers
v000001e744bcb000_0 .net *"_ivl_28", 31 0, L_000001e744bce760;  1 drivers
v000001e744bca100_0 .net *"_ivl_30", 6 0, L_000001e744bceee0;  1 drivers
L_000001e744bd01c0 .functor BUFT 1, C4<00>, C4<0>, C4<0>, C4<0>;
v000001e744bcb3c0_0 .net *"_ivl_33", 1 0, L_000001e744bd01c0;  1 drivers
v000001e744bcbf00_0 .net *"_ivl_5", 0 0, L_000001e7448219c0;  1 drivers
v000001e744bca240_0 .net *"_ivl_6", 0 0, L_000001e744bce6c0;  1 drivers
v000001e744bcbb40_0 .net *"_ivl_9", 0 0, L_000001e744822520;  1 drivers
v000001e744bcb5a0_0 .net "clk", 0 0, v000001e744814860_0;  alias, 1 drivers
v000001e744bcb500_0 .var/i "i", 31 0;
v000001e744bcb140_0 .net "read_data1", 31 0, L_000001e744bce4e0;  alias, 1 drivers
v000001e744bcb640_0 .net "read_data2", 31 0, L_000001e744bcfca0;  alias, 1 drivers
v000001e744bcb0a0_0 .net "read_reg1", 4 0, L_000001e744bcf700;  alias, 1 drivers
v000001e744bcb1e0_0 .net "read_reg2", 4 0, L_000001e744bcf8e0;  alias, 1 drivers
v000001e744bcb960_0 .net "reg_write", 0 0, v000001e744bca9c0_0;  1 drivers
v000001e744bcbfa0 .array "register", 31 0, 31 0;
v000001e744bca2e0_0 .net "write_data", 31 0, v000001e744bcc930_0;  1 drivers
v000001e744bca1a0_0 .net "write_reg", 4 0, v000001e744bca7e0_0;  1 drivers
E_000001e7447dfdb0 .event posedge, v000001e744814860_0;
L_000001e744bcfac0 .cmp/ne 5, v000001e744bca7e0_0, L_000001e744bd00e8;
L_000001e744bce6c0 .cmp/eq 5, v000001e744bca7e0_0, L_000001e744bcf700;
L_000001e744bce260 .array/port v000001e744bcbfa0, L_000001e744bcfc00;
L_000001e744bcfc00 .concat [ 5 2 0 0], L_000001e744bcf700, L_000001e744bd0130;
L_000001e744bce4e0 .functor MUXZ 32, L_000001e744bce260, v000001e744bcc930_0, L_000001e744822520, C4<>;
L_000001e744bce620 .cmp/ne 5, v000001e744bca7e0_0, L_000001e744bd0178;
L_000001e744bcf7a0 .cmp/eq 5, v000001e744bca7e0_0, L_000001e744bcf8e0;
L_000001e744bce760 .array/port v000001e744bcbfa0, L_000001e744bceee0;
L_000001e744bceee0 .concat [ 5 2 0 0], L_000001e744bcf8e0, L_000001e744bd01c0;
L_000001e744bcfca0 .functor MUXZ 32, L_000001e744bce760, v000001e744bcc930_0, L_000001e744822670, C4<>;
    .scope S_000001e74474dae0;
T_0 ;
    %pushi/vec4 0, 0, 25;
    %store/vec4 v000001e744815620_0, 0, 25;
    %end;
    .thread T_0;
    .scope S_000001e74474dae0;
T_1 ;
    %wait E_000001e744811870;
    %load/vec4 v000001e744815260_0;
    %nor/r;
    %flag_set/vec4 8;
    %jmp/0xz  T_1.0, 8;
    %pushi/vec4 0, 0, 25;
    %assign/vec4 v000001e744815620_0, 0;
    %pushi/vec4 0, 0, 1;
    %assign/vec4 v000001e744814860_0, 0;
    %jmp T_1.1;
T_1.0 ;
    %load/vec4 v000001e744815620_0;
    %pad/u 32;
    %cmpi/e 1, 0, 32;
    %jmp/0xz  T_1.2, 4;
    %pushi/vec4 0, 0, 25;
    %assign/vec4 v000001e744815620_0, 0;
    %load/vec4 v000001e744814860_0;
    %inv;
    %assign/vec4 v000001e744814860_0, 0;
    %jmp T_1.3;
T_1.2 ;
    %load/vec4 v000001e744815620_0;
    %addi 1, 0, 25;
    %assign/vec4 v000001e744815620_0, 0;
T_1.3 ;
T_1.1 ;
    %jmp T_1;
    .thread T_1;
    .scope S_000001e744797130;
T_2 ;
    %wait E_000001e7447dfe30;
    %load/vec4 v000001e744bc8910_0;
    %nor/r;
    %flag_set/vec4 8;
    %jmp/0xz  T_2.0, 8;
    %pushi/vec4 0, 0, 32;
    %assign/vec4 v000001e744bc8c30_0, 0;
    %jmp T_2.1;
T_2.0 ;
    %load/vec4 v000001e744bc9450_0;
    %assign/vec4 v000001e744bc8c30_0, 0;
T_2.1 ;
    %jmp T_2;
    .thread T_2;
    .scope S_000001e744796fa0;
T_3 ;
    %vpi_call 11 9 "$readmemh", "program/hex/led.hex", v000001e744bc8870 {0 0 0};
    %end;
    .thread T_3;
    .scope S_000001e744796fa0;
T_4 ;
    %wait E_000001e7447dfeb0;
    %load/vec4 v000001e744bc9bd0_0;
    %parti/s 12, 2, 3;
    %pad/u 14;
    %ix/vec4 4;
    %load/vec4a v000001e744bc8870, 4;
    %assign/vec4 v000001e744bc9c70_0, 0;
    %jmp T_4;
    .thread T_4;
    .scope S_000001e7447f78b0;
T_5 ;
    %wait E_000001e7447df770;
    %load/vec4 v000001e744815da0_0;
    %dup/vec4;
    %pushi/vec4 35, 0, 7;
    %cmp/u;
    %jmp/1 T_5.0, 6;
    %dup/vec4;
    %pushi/vec4 99, 0, 7;
    %cmp/u;
    %jmp/1 T_5.1, 6;
    %dup/vec4;
    %pushi/vec4 111, 0, 7;
    %cmp/u;
    %jmp/1 T_5.2, 6;
    %dup/vec4;
    %pushi/vec4 55, 0, 7;
    %cmp/u;
    %jmp/1 T_5.3, 6;
    %dup/vec4;
    %pushi/vec4 23, 0, 7;
    %cmp/u;
    %jmp/1 T_5.4, 6;
    %load/vec4 v000001e744815c60_0;
    %parti/s 1, 31, 6;
    %replicate 20;
    %load/vec4 v000001e744815c60_0;
    %parti/s 12, 20, 6;
    %concat/vec4; draw_concat_vec4
    %store/vec4 v000001e744815580_0, 0, 32;
    %jmp T_5.6;
T_5.0 ;
    %load/vec4 v000001e744815c60_0;
    %parti/s 1, 31, 6;
    %replicate 20;
    %load/vec4 v000001e744815c60_0;
    %parti/s 7, 25, 6;
    %concat/vec4; draw_concat_vec4
    %load/vec4 v000001e744815c60_0;
    %parti/s 5, 7, 4;
    %concat/vec4; draw_concat_vec4
    %store/vec4 v000001e744815580_0, 0, 32;
    %jmp T_5.6;
T_5.1 ;
    %load/vec4 v000001e744815c60_0;
    %parti/s 1, 31, 6;
    %replicate 20;
    %load/vec4 v000001e744815c60_0;
    %parti/s 1, 7, 4;
    %concat/vec4; draw_concat_vec4
    %load/vec4 v000001e744815c60_0;
    %parti/s 6, 25, 6;
    %concat/vec4; draw_concat_vec4
    %load/vec4 v000001e744815c60_0;
    %parti/s 4, 8, 5;
    %concat/vec4; draw_concat_vec4
    %concati/vec4 0, 0, 1;
    %store/vec4 v000001e744815580_0, 0, 32;
    %jmp T_5.6;
T_5.2 ;
    %load/vec4 v000001e744815c60_0;
    %parti/s 1, 31, 6;
    %replicate 12;
    %load/vec4 v000001e744815c60_0;
    %parti/s 8, 12, 5;
    %concat/vec4; draw_concat_vec4
    %load/vec4 v000001e744815c60_0;
    %parti/s 1, 20, 6;
    %concat/vec4; draw_concat_vec4
    %load/vec4 v000001e744815c60_0;
    %parti/s 10, 21, 6;
    %concat/vec4; draw_concat_vec4
    %concati/vec4 0, 0, 1;
    %store/vec4 v000001e744815580_0, 0, 32;
    %jmp T_5.6;
T_5.3 ;
    %load/vec4 v000001e744815c60_0;
    %parti/s 20, 12, 5;
    %concati/vec4 0, 0, 12;
    %store/vec4 v000001e744815580_0, 0, 32;
    %jmp T_5.6;
T_5.4 ;
    %load/vec4 v000001e744815c60_0;
    %parti/s 20, 12, 5;
    %concati/vec4 0, 0, 12;
    %store/vec4 v000001e744815580_0, 0, 32;
    %jmp T_5.6;
T_5.6 ;
    %pop/vec4 1;
    %jmp T_5;
    .thread T_5, $push;
    .scope S_000001e7447d46e0;
T_6 ;
    %wait E_000001e7447e00b0;
    %load/vec4 v000001e744814c20_0;
    %cmpi/e 3, 0, 7;
    %jmp/1 T_6.2, 4;
    %flag_mov 8, 4;
    %load/vec4 v000001e744814c20_0;
    %cmpi/e 35, 0, 7;
    %flag_or 4, 8;
T_6.2;
    %jmp/0xz  T_6.0, 4;
    %pushi/vec4 2, 0, 4;
    %store/vec4 v000001e744815800_0, 0, 4;
    %jmp T_6.1;
T_6.0 ;
    %load/vec4 v000001e744814c20_0;
    %cmpi/e 111, 0, 7;
    %jmp/1 T_6.5, 4;
    %flag_mov 8, 4;
    %load/vec4 v000001e744814c20_0;
    %cmpi/e 103, 0, 7;
    %flag_or 4, 8;
T_6.5;
    %jmp/0xz  T_6.3, 4;
    %pushi/vec4 2, 0, 4;
    %store/vec4 v000001e744815800_0, 0, 4;
    %jmp T_6.4;
T_6.3 ;
    %load/vec4 v000001e744814c20_0;
    %cmpi/e 19, 0, 7;
    %jmp/0xz  T_6.6, 4;
    %load/vec4 v000001e744814a40_0;
    %dup/vec4;
    %pushi/vec4 0, 0, 3;
    %cmp/u;
    %jmp/1 T_6.8, 6;
    %dup/vec4;
    %pushi/vec4 7, 0, 3;
    %cmp/u;
    %jmp/1 T_6.9, 6;
    %dup/vec4;
    %pushi/vec4 6, 0, 3;
    %cmp/u;
    %jmp/1 T_6.10, 6;
    %dup/vec4;
    %pushi/vec4 2, 0, 3;
    %cmp/u;
    %jmp/1 T_6.11, 6;
    %dup/vec4;
    %pushi/vec4 1, 0, 3;
    %cmp/u;
    %jmp/1 T_6.12, 6;
    %pushi/vec4 15, 0, 4;
    %store/vec4 v000001e744815800_0, 0, 4;
    %jmp T_6.14;
T_6.8 ;
    %pushi/vec4 2, 0, 4;
    %store/vec4 v000001e744815800_0, 0, 4;
    %jmp T_6.14;
T_6.9 ;
    %pushi/vec4 0, 0, 4;
    %store/vec4 v000001e744815800_0, 0, 4;
    %jmp T_6.14;
T_6.10 ;
    %pushi/vec4 1, 0, 4;
    %store/vec4 v000001e744815800_0, 0, 4;
    %jmp T_6.14;
T_6.11 ;
    %pushi/vec4 7, 0, 4;
    %store/vec4 v000001e744815800_0, 0, 4;
    %jmp T_6.14;
T_6.12 ;
    %pushi/vec4 14, 0, 4;
    %store/vec4 v000001e744815800_0, 0, 4;
    %jmp T_6.14;
T_6.14 ;
    %pop/vec4 1;
    %jmp T_6.7;
T_6.6 ;
    %load/vec4 v000001e744814c20_0;
    %cmpi/e 51, 0, 7;
    %jmp/0xz  T_6.15, 4;
    %load/vec4 v000001e744814a40_0;
    %dup/vec4;
    %pushi/vec4 0, 0, 3;
    %cmp/u;
    %jmp/1 T_6.17, 6;
    %dup/vec4;
    %pushi/vec4 7, 0, 3;
    %cmp/u;
    %jmp/1 T_6.18, 6;
    %dup/vec4;
    %pushi/vec4 6, 0, 3;
    %cmp/u;
    %jmp/1 T_6.19, 6;
    %dup/vec4;
    %pushi/vec4 2, 0, 3;
    %cmp/u;
    %jmp/1 T_6.20, 6;
    %pushi/vec4 15, 0, 4;
    %store/vec4 v000001e744815800_0, 0, 4;
    %jmp T_6.22;
T_6.17 ;
    %load/vec4 v000001e7448160c0_0;
    %cmpi/e 32, 0, 7;
    %jmp/0xz  T_6.23, 4;
    %pushi/vec4 6, 0, 4;
    %store/vec4 v000001e744815800_0, 0, 4;
    %jmp T_6.24;
T_6.23 ;
    %pushi/vec4 2, 0, 4;
    %store/vec4 v000001e744815800_0, 0, 4;
T_6.24 ;
    %jmp T_6.22;
T_6.18 ;
    %pushi/vec4 0, 0, 4;
    %store/vec4 v000001e744815800_0, 0, 4;
    %jmp T_6.22;
T_6.19 ;
    %pushi/vec4 1, 0, 4;
    %store/vec4 v000001e744815800_0, 0, 4;
    %jmp T_6.22;
T_6.20 ;
    %pushi/vec4 7, 0, 4;
    %store/vec4 v000001e744815800_0, 0, 4;
    %jmp T_6.22;
T_6.22 ;
    %pop/vec4 1;
    %jmp T_6.16;
T_6.15 ;
    %load/vec4 v000001e744814c20_0;
    %cmpi/e 99, 0, 7;
    %jmp/0xz  T_6.25, 4;
    %pushi/vec4 6, 0, 4;
    %store/vec4 v000001e744815800_0, 0, 4;
    %jmp T_6.26;
T_6.25 ;
    %load/vec4 v000001e744814c20_0;
    %cmpi/e 55, 0, 7;
    %jmp/1 T_6.29, 4;
    %flag_mov 8, 4;
    %load/vec4 v000001e744814c20_0;
    %cmpi/e 23, 0, 7;
    %flag_or 4, 8;
T_6.29;
    %jmp/0xz  T_6.27, 4;
    %pushi/vec4 2, 0, 4;
    %store/vec4 v000001e744815800_0, 0, 4;
    %jmp T_6.28;
T_6.27 ;
    %pushi/vec4 15, 0, 4;
    %store/vec4 v000001e744815800_0, 0, 4;
T_6.28 ;
T_6.26 ;
T_6.16 ;
T_6.7 ;
T_6.4 ;
T_6.1 ;
    %jmp T_6;
    .thread T_6, $push;
    .scope S_000001e74479c140;
T_7 ;
    %pushi/vec4 0, 0, 32;
    %store/vec4 v000001e744bcb500_0, 0, 32;
T_7.0 ;
    %load/vec4 v000001e744bcb500_0;
    %cmpi/s 32, 0, 32;
    %jmp/0xz T_7.1, 5;
    %pushi/vec4 0, 0, 32;
    %ix/getv/s 4, v000001e744bcb500_0;
    %store/vec4a v000001e744bcbfa0, 4, 0;
    %load/vec4 v000001e744bcb500_0;
    %addi 1, 0, 32;
    %store/vec4 v000001e744bcb500_0, 0, 32;
    %jmp T_7.0;
T_7.1 ;
    %end;
    .thread T_7;
    .scope S_000001e74479c140;
T_8 ;
    %wait E_000001e7447dfdb0;
    %load/vec4 v000001e744bcb960_0;
    %flag_set/vec4 9;
    %flag_get/vec4 9;
    %jmp/0 T_8.2, 9;
    %load/vec4 v000001e744bca1a0_0;
    %pushi/vec4 0, 0, 5;
    %cmp/ne;
    %flag_get/vec4 4;
    %and;
T_8.2;
    %flag_set/vec4 8;
    %jmp/0xz  T_8.0, 8;
    %load/vec4 v000001e744bca2e0_0;
    %load/vec4 v000001e744bca1a0_0;
    %pad/u 7;
    %ix/vec4 3;
    %ix/load 4, 0, 0; Constant delay
    %assign/vec4/a/d v000001e744bcbfa0, 0, 4;
T_8.0 ;
    %jmp T_8;
    .thread T_8;
    .scope S_000001e7447e13e0;
T_9 ;
    %wait E_000001e7447df530;
    %load/vec4 v000001e744816200_0;
    %dup/vec4;
    %pushi/vec4 0, 0, 4;
    %cmp/u;
    %jmp/1 T_9.0, 6;
    %dup/vec4;
    %pushi/vec4 1, 0, 4;
    %cmp/u;
    %jmp/1 T_9.1, 6;
    %dup/vec4;
    %pushi/vec4 2, 0, 4;
    %cmp/u;
    %jmp/1 T_9.2, 6;
    %dup/vec4;
    %pushi/vec4 6, 0, 4;
    %cmp/u;
    %jmp/1 T_9.3, 6;
    %dup/vec4;
    %pushi/vec4 7, 0, 4;
    %cmp/u;
    %jmp/1 T_9.4, 6;
    %dup/vec4;
    %pushi/vec4 12, 0, 4;
    %cmp/u;
    %jmp/1 T_9.5, 6;
    %dup/vec4;
    %pushi/vec4 14, 0, 4;
    %cmp/u;
    %jmp/1 T_9.6, 6;
    %pushi/vec4 0, 0, 32;
    %assign/vec4 v000001e744815ee0_0, 0;
    %jmp T_9.8;
T_9.0 ;
    %load/vec4 v000001e744814900_0;
    %load/vec4 v000001e744815760_0;
    %and;
    %assign/vec4 v000001e744815ee0_0, 0;
    %jmp T_9.8;
T_9.1 ;
    %load/vec4 v000001e744814900_0;
    %load/vec4 v000001e744815760_0;
    %or;
    %assign/vec4 v000001e744815ee0_0, 0;
    %jmp T_9.8;
T_9.2 ;
    %load/vec4 v000001e744814900_0;
    %load/vec4 v000001e744815760_0;
    %add;
    %assign/vec4 v000001e744815ee0_0, 0;
    %jmp T_9.8;
T_9.3 ;
    %load/vec4 v000001e744814900_0;
    %load/vec4 v000001e744815760_0;
    %sub;
    %assign/vec4 v000001e744815ee0_0, 0;
    %jmp T_9.8;
T_9.4 ;
    %load/vec4 v000001e744814900_0;
    %load/vec4 v000001e744815760_0;
    %cmp/u;
    %flag_get/vec4 5;
    %pad/u 32;
    %assign/vec4 v000001e744815ee0_0, 0;
    %jmp T_9.8;
T_9.5 ;
    %load/vec4 v000001e744814900_0;
    %load/vec4 v000001e744815760_0;
    %or;
    %inv;
    %assign/vec4 v000001e744815ee0_0, 0;
    %jmp T_9.8;
T_9.6 ;
    %load/vec4 v000001e744814900_0;
    %load/vec4 v000001e744815760_0;
    %parti/s 5, 0, 2;
    %ix/vec4 4;
    %shiftl 4;
    %assign/vec4 v000001e744815ee0_0, 0;
    %jmp T_9.8;
T_9.8 ;
    %pop/vec4 1;
    %jmp T_9;
    .thread T_9, $push;
    .scope S_000001e7447d4870;
T_10 ;
    %fork t_1, S_000001e7447f7720;
    %jmp t_0;
    .scope S_000001e7447f7720;
t_1 ;
    %pushi/vec4 0, 0, 32;
    %store/vec4 v000001e744814720_0, 0, 32;
T_10.0 ;
    %load/vec4 v000001e744814720_0;
    %cmpi/s 4096, 0, 32;
    %jmp/0xz T_10.1, 5;
    %pushi/vec4 0, 0, 32;
    %ix/getv/s 4, v000001e744814720_0;
    %store/vec4a v000001e7448158a0, 4, 0;
    %load/vec4 v000001e744814720_0;
    %addi 1, 0, 32;
    %store/vec4 v000001e744814720_0, 0, 32;
    %jmp T_10.0;
T_10.1 ;
    %end;
    .scope S_000001e7447d4870;
t_0 %join;
    %end;
    .thread T_10;
    .scope S_000001e7447d4870;
T_11 ;
    %wait E_000001e7447dfeb0;
    %load/vec4 v000001e7448147c0_0;
    %flag_set/vec4 8;
    %jmp/0xz  T_11.0, 8;
    %load/vec4 v000001e744815b20_0;
    %load/vec4 v000001e744815120_0;
    %parti/s 12, 2, 3;
    %pad/u 14;
    %ix/vec4 3;
    %ix/load 4, 0, 0; Constant delay
    %assign/vec4/a/d v000001e7448158a0, 0, 4;
T_11.0 ;
    %load/vec4 v000001e744815300_0;
    %flag_set/vec4 8;
    %jmp/0xz  T_11.2, 8;
    %load/vec4 v000001e744815120_0;
    %parti/s 12, 2, 3;
    %pad/u 14;
    %ix/vec4 4;
    %load/vec4a v000001e7448158a0, 4;
    %assign/vec4 v000001e744815f80_0, 0;
T_11.2 ;
    %jmp T_11;
    .thread T_11;
    .scope S_000001e7447e1250;
T_12 ;
    %wait E_000001e7447dfe30;
    %load/vec4 v000001e744bcca70_0;
    %nor/r;
    %flag_set/vec4 8;
    %jmp/0xz  T_12.0, 8;
    %pushi/vec4 1, 0, 1;
    %assign/vec4 v000001e744bcc610_0, 0;
    %pushi/vec4 1, 0, 1;
    %assign/vec4 v000001e744bcc110_0, 0;
    %jmp T_12.1;
T_12.0 ;
    %load/vec4 v000001e744bcd830_0;
    %assign/vec4 v000001e744bcc610_0, 0;
    %load/vec4 v000001e744bcc610_0;
    %assign/vec4 v000001e744bcc110_0, 0;
T_12.1 ;
    %jmp T_12;
    .thread T_12;
    .scope S_000001e7447e1250;
T_13 ;
    %wait E_000001e744811030;
    %load/vec4 v000001e744bce1c0_0;
    %flag_set/vec4 8;
    %jmp/0xz  T_13.0, 8;
    %load/vec4 v000001e744bcc7f0_0;
    %store/vec4 v000001e744bcd470_0, 0, 32;
    %jmp T_13.1;
T_13.0 ;
    %load/vec4 v000001e744bcced0_0;
    %store/vec4 v000001e744bcd470_0, 0, 32;
T_13.1 ;
    %jmp T_13;
    .thread T_13, $push;
    .scope S_000001e7447e1250;
T_14 ;
    %wait E_000001e744810b30;
    %load/vec4 v000001e744bcd790_0;
    %dup/vec4;
    %pushi/vec4 51, 0, 7;
    %cmp/u;
    %jmp/1 T_14.0, 6;
    %dup/vec4;
    %pushi/vec4 19, 0, 7;
    %cmp/u;
    %jmp/1 T_14.1, 6;
    %dup/vec4;
    %pushi/vec4 3, 0, 7;
    %cmp/u;
    %jmp/1 T_14.2, 6;
    %dup/vec4;
    %pushi/vec4 111, 0, 7;
    %cmp/u;
    %jmp/1 T_14.3, 6;
    %dup/vec4;
    %pushi/vec4 103, 0, 7;
    %cmp/u;
    %jmp/1 T_14.4, 6;
    %dup/vec4;
    %pushi/vec4 55, 0, 7;
    %cmp/u;
    %jmp/1 T_14.5, 6;
    %dup/vec4;
    %pushi/vec4 23, 0, 7;
    %cmp/u;
    %jmp/1 T_14.6, 6;
    %pushi/vec4 0, 0, 1;
    %store/vec4 v000001e744bcc430_0, 0, 1;
    %jmp T_14.8;
T_14.0 ;
    %pushi/vec4 1, 0, 1;
    %store/vec4 v000001e744bcc430_0, 0, 1;
    %jmp T_14.8;
T_14.1 ;
    %pushi/vec4 1, 0, 1;
    %store/vec4 v000001e744bcc430_0, 0, 1;
    %jmp T_14.8;
T_14.2 ;
    %pushi/vec4 1, 0, 1;
    %store/vec4 v000001e744bcc430_0, 0, 1;
    %jmp T_14.8;
T_14.3 ;
    %pushi/vec4 1, 0, 1;
    %store/vec4 v000001e744bcc430_0, 0, 1;
    %jmp T_14.8;
T_14.4 ;
    %pushi/vec4 1, 0, 1;
    %store/vec4 v000001e744bcc430_0, 0, 1;
    %jmp T_14.8;
T_14.5 ;
    %pushi/vec4 1, 0, 1;
    %store/vec4 v000001e744bcc430_0, 0, 1;
    %jmp T_14.8;
T_14.6 ;
    %pushi/vec4 1, 0, 1;
    %store/vec4 v000001e744bcc430_0, 0, 1;
    %jmp T_14.8;
T_14.8 ;
    %pop/vec4 1;
    %load/vec4 v000001e744bcd790_0;
    %dup/vec4;
    %pushi/vec4 19, 0, 7;
    %cmp/u;
    %jmp/1 T_14.9, 6;
    %dup/vec4;
    %pushi/vec4 3, 0, 7;
    %cmp/u;
    %jmp/1 T_14.10, 6;
    %dup/vec4;
    %pushi/vec4 35, 0, 7;
    %cmp/u;
    %jmp/1 T_14.11, 6;
    %dup/vec4;
    %pushi/vec4 55, 0, 7;
    %cmp/u;
    %jmp/1 T_14.12, 6;
    %dup/vec4;
    %pushi/vec4 23, 0, 7;
    %cmp/u;
    %jmp/1 T_14.13, 6;
    %pushi/vec4 0, 0, 1;
    %store/vec4 v000001e744bcd5b0_0, 0, 1;
    %jmp T_14.15;
T_14.9 ;
    %pushi/vec4 1, 0, 1;
    %store/vec4 v000001e744bcd5b0_0, 0, 1;
    %jmp T_14.15;
T_14.10 ;
    %pushi/vec4 1, 0, 1;
    %store/vec4 v000001e744bcd5b0_0, 0, 1;
    %jmp T_14.15;
T_14.11 ;
    %pushi/vec4 1, 0, 1;
    %store/vec4 v000001e744bcd5b0_0, 0, 1;
    %jmp T_14.15;
T_14.12 ;
    %pushi/vec4 1, 0, 1;
    %store/vec4 v000001e744bcd5b0_0, 0, 1;
    %jmp T_14.15;
T_14.13 ;
    %pushi/vec4 1, 0, 1;
    %store/vec4 v000001e744bcd5b0_0, 0, 1;
    %jmp T_14.15;
T_14.15 ;
    %pop/vec4 1;
    %load/vec4 v000001e744bcd790_0;
    %dup/vec4;
    %pushi/vec4 3, 0, 7;
    %cmp/u;
    %jmp/1 T_14.16, 6;
    %pushi/vec4 0, 0, 1;
    %store/vec4 v000001e744bcd6f0_0, 0, 1;
    %jmp T_14.18;
T_14.16 ;
    %pushi/vec4 1, 0, 1;
    %store/vec4 v000001e744bcd6f0_0, 0, 1;
    %jmp T_14.18;
T_14.18 ;
    %pop/vec4 1;
    %load/vec4 v000001e744bcd790_0;
    %dup/vec4;
    %pushi/vec4 111, 0, 7;
    %cmp/u;
    %jmp/1 T_14.19, 6;
    %dup/vec4;
    %pushi/vec4 103, 0, 7;
    %cmp/u;
    %jmp/1 T_14.20, 6;
    %pushi/vec4 0, 0, 1;
    %store/vec4 v000001e744bccc50_0, 0, 1;
    %jmp T_14.22;
T_14.19 ;
    %pushi/vec4 1, 0, 1;
    %store/vec4 v000001e744bccc50_0, 0, 1;
    %jmp T_14.22;
T_14.20 ;
    %pushi/vec4 1, 0, 1;
    %store/vec4 v000001e744bccc50_0, 0, 1;
    %jmp T_14.22;
T_14.22 ;
    %pop/vec4 1;
    %load/vec4 v000001e744bcd790_0;
    %dup/vec4;
    %pushi/vec4 23, 0, 7;
    %cmp/u;
    %jmp/1 T_14.23, 6;
    %dup/vec4;
    %pushi/vec4 55, 0, 7;
    %cmp/u;
    %jmp/1 T_14.24, 6;
    %pushi/vec4 0, 0, 2;
    %store/vec4 v000001e744bcc750_0, 0, 2;
    %jmp T_14.26;
T_14.23 ;
    %pushi/vec4 1, 0, 2;
    %store/vec4 v000001e744bcc750_0, 0, 2;
    %jmp T_14.26;
T_14.24 ;
    %pushi/vec4 2, 0, 2;
    %store/vec4 v000001e744bcc750_0, 0, 2;
    %jmp T_14.26;
T_14.26 ;
    %pop/vec4 1;
    %jmp T_14;
    .thread T_14, $push;
    .scope S_000001e7447e1250;
T_15 ;
    %wait E_000001e744810ab0;
    %load/vec4 v000001e744bca920_0;
    %flag_set/vec4 10;
    %flag_get/vec4 10;
    %jmp/0 T_15.3, 10;
    %load/vec4 v000001e744bcb820_0;
    %pad/u 32;
    %pushi/vec4 0, 0, 32;
    %cmp/ne;
    %flag_get/vec4 4;
    %and;
T_15.3;
    %flag_set/vec4 9;
    %flag_get/vec4 9;
    %jmp/0 T_15.2, 9;
    %load/vec4 v000001e744bcb820_0;
    %load/vec4 v000001e744bccb10_0;
    %cmp/e;
    %flag_get/vec4 4;
    %and;
T_15.2;
    %flag_set/vec4 8;
    %jmp/0xz  T_15.0, 8;
    %load/vec4 v000001e744bcd290_0;
    %store/vec4 v000001e744bcc250_0, 0, 32;
    %jmp T_15.1;
T_15.0 ;
    %load/vec4 v000001e744bca380_0;
    %flag_set/vec4 10;
    %flag_get/vec4 10;
    %jmp/0 T_15.7, 10;
    %load/vec4 v000001e744bca4c0_0;
    %pad/u 32;
    %pushi/vec4 0, 0, 32;
    %cmp/ne;
    %flag_get/vec4 4;
    %and;
T_15.7;
    %flag_set/vec4 9;
    %flag_get/vec4 9;
    %jmp/0 T_15.6, 9;
    %load/vec4 v000001e744bca4c0_0;
    %load/vec4 v000001e744bccb10_0;
    %cmp/e;
    %flag_get/vec4 4;
    %and;
T_15.6;
    %flag_set/vec4 8;
    %jmp/0xz  T_15.4, 8;
    %load/vec4 v000001e744bcb460_0;
    %store/vec4 v000001e744bcc250_0, 0, 32;
    %jmp T_15.5;
T_15.4 ;
    %load/vec4 v000001e744bcdf10_0;
    %store/vec4 v000001e744bcc250_0, 0, 32;
T_15.5 ;
T_15.1 ;
    %load/vec4 v000001e744bca920_0;
    %flag_set/vec4 10;
    %flag_get/vec4 10;
    %jmp/0 T_15.11, 10;
    %load/vec4 v000001e744bcb820_0;
    %pad/u 32;
    %pushi/vec4 0, 0, 32;
    %cmp/ne;
    %flag_get/vec4 4;
    %and;
T_15.11;
    %flag_set/vec4 9;
    %flag_get/vec4 9;
    %jmp/0 T_15.10, 9;
    %load/vec4 v000001e744bcb820_0;
    %load/vec4 v000001e744bccbb0_0;
    %cmp/e;
    %flag_get/vec4 4;
    %and;
T_15.10;
    %flag_set/vec4 8;
    %jmp/0xz  T_15.8, 8;
    %load/vec4 v000001e744bcd290_0;
    %store/vec4 v000001e744bcd330_0, 0, 32;
    %jmp T_15.9;
T_15.8 ;
    %load/vec4 v000001e744bca380_0;
    %flag_set/vec4 10;
    %flag_get/vec4 10;
    %jmp/0 T_15.15, 10;
    %load/vec4 v000001e744bca4c0_0;
    %pad/u 32;
    %pushi/vec4 0, 0, 32;
    %cmp/ne;
    %flag_get/vec4 4;
    %and;
T_15.15;
    %flag_set/vec4 9;
    %flag_get/vec4 9;
    %jmp/0 T_15.14, 9;
    %load/vec4 v000001e744bca4c0_0;
    %load/vec4 v000001e744bccbb0_0;
    %cmp/e;
    %flag_get/vec4 4;
    %and;
T_15.14;
    %flag_set/vec4 8;
    %jmp/0xz  T_15.12, 8;
    %load/vec4 v000001e744bcb460_0;
    %store/vec4 v000001e744bcd330_0, 0, 32;
    %jmp T_15.13;
T_15.12 ;
    %load/vec4 v000001e744bcdfb0_0;
    %store/vec4 v000001e744bcd330_0, 0, 32;
T_15.13 ;
T_15.9 ;
    %jmp T_15;
    .thread T_15, $push;
    .scope S_000001e7447e1250;
T_16 ;
    %wait E_000001e7448130f0;
    %pushi/vec4 0, 0, 1;
    %store/vec4 v000001e744bcd1f0_0, 0, 1;
    %load/vec4 v000001e744bcc7f0_0;
    %addi 4, 0, 32;
    %store/vec4 v000001e744bccf70_0, 0, 32;
    %pushi/vec4 0, 0, 32;
    %store/vec4 v000001e744bcd150_0, 0, 32;
    %load/vec4 v000001e744bcd790_0;
    %dup/vec4;
    %pushi/vec4 111, 0, 7;
    %cmp/u;
    %jmp/1 T_16.0, 6;
    %dup/vec4;
    %pushi/vec4 103, 0, 7;
    %cmp/u;
    %jmp/1 T_16.1, 6;
    %dup/vec4;
    %pushi/vec4 99, 0, 7;
    %cmp/u;
    %jmp/1 T_16.2, 6;
    %jmp T_16.3;
T_16.0 ;
    %pushi/vec4 1, 0, 1;
    %store/vec4 v000001e744bcd1f0_0, 0, 1;
    %load/vec4 v000001e744bcba00_0;
    %load/vec4 v000001e744bcdab0_0;
    %add;
    %store/vec4 v000001e744bcd150_0, 0, 32;
    %jmp T_16.3;
T_16.1 ;
    %pushi/vec4 1, 0, 1;
    %store/vec4 v000001e744bcd1f0_0, 0, 1;
    %load/vec4 v000001e744bcc250_0;
    %load/vec4 v000001e744bcdab0_0;
    %add;
    %pushi/vec4 4294967294, 0, 32;
    %and;
    %store/vec4 v000001e744bcd150_0, 0, 32;
    %jmp T_16.3;
T_16.2 ;
    %load/vec4 v000001e744bcce30_0;
    %dup/vec4;
    %pushi/vec4 0, 0, 3;
    %cmp/u;
    %jmp/1 T_16.4, 6;
    %dup/vec4;
    %pushi/vec4 1, 0, 3;
    %cmp/u;
    %jmp/1 T_16.5, 6;
    %dup/vec4;
    %pushi/vec4 4, 0, 3;
    %cmp/u;
    %jmp/1 T_16.6, 6;
    %dup/vec4;
    %pushi/vec4 5, 0, 3;
    %cmp/u;
    %jmp/1 T_16.7, 6;
    %dup/vec4;
    %pushi/vec4 6, 0, 3;
    %cmp/u;
    %jmp/1 T_16.8, 6;
    %dup/vec4;
    %pushi/vec4 7, 0, 3;
    %cmp/u;
    %jmp/1 T_16.9, 6;
    %pushi/vec4 0, 0, 1;
    %store/vec4 v000001e744bcd1f0_0, 0, 1;
    %jmp T_16.11;
T_16.4 ;
    %load/vec4 v000001e744bccd90_0;
    %store/vec4 v000001e744bcd1f0_0, 0, 1;
    %jmp T_16.11;
T_16.5 ;
    %load/vec4 v000001e744bccd90_0;
    %nor/r;
    %store/vec4 v000001e744bcd1f0_0, 0, 1;
    %jmp T_16.11;
T_16.6 ;
    %load/vec4 v000001e744bcc6b0_0;
    %store/vec4 v000001e744bcd1f0_0, 0, 1;
    %jmp T_16.11;
T_16.7 ;
    %load/vec4 v000001e744bcc6b0_0;
    %nor/r;
    %store/vec4 v000001e744bcd1f0_0, 0, 1;
    %jmp T_16.11;
T_16.8 ;
    %load/vec4 v000001e744bcd3d0_0;
    %store/vec4 v000001e744bcd1f0_0, 0, 1;
    %jmp T_16.11;
T_16.9 ;
    %load/vec4 v000001e744bcd3d0_0;
    %nor/r;
    %store/vec4 v000001e744bcd1f0_0, 0, 1;
    %jmp T_16.11;
T_16.11 ;
    %pop/vec4 1;
    %load/vec4 v000001e744bcd1f0_0;
    %flag_set/vec4 8;
    %jmp/0xz  T_16.12, 8;
    %load/vec4 v000001e744bcba00_0;
    %load/vec4 v000001e744bcdab0_0;
    %add;
    %store/vec4 v000001e744bcd150_0, 0, 32;
T_16.12 ;
    %jmp T_16.3;
T_16.3 ;
    %pop/vec4 1;
    %load/vec4 v000001e744bcd1f0_0;
    %flag_set/vec4 8;
    %jmp/0 T_16.14, 8;
    %load/vec4 v000001e744bcd150_0;
    %jmp/1 T_16.15, 8;
T_16.14 ; End of true expr.
    %load/vec4 v000001e744bccf70_0;
    %jmp/0 T_16.15, 8;
 ; End of false expr.
    %blend;
T_16.15;
    %store/vec4 v000001e744bcced0_0, 0, 32;
    %jmp T_16;
    .thread T_16, $push;
    .scope S_000001e7447e1250;
T_17 ;
    %wait E_000001e744811970;
    %load/vec4 v000001e744bca380_0;
    %flag_set/vec4 10;
    %flag_get/vec4 10;
    %jmp/0 T_17.3, 10;
    %load/vec4 v000001e744bca4c0_0;
    %pad/u 32;
    %pushi/vec4 0, 0, 32;
    %cmp/ne;
    %flag_get/vec4 4;
    %and;
T_17.3;
    %flag_set/vec4 9;
    %flag_get/vec4 9;
    %jmp/0 T_17.2, 9;
    %load/vec4 v000001e744bca4c0_0;
    %load/vec4 v000001e744bcace0_0;
    %cmp/e;
    %flag_get/vec4 4;
    %and;
T_17.2;
    %flag_set/vec4 8;
    %jmp/0xz  T_17.0, 8;
    %pushi/vec4 2, 0, 2;
    %store/vec4 v000001e744bcd650_0, 0, 2;
    %jmp T_17.1;
T_17.0 ;
    %load/vec4 v000001e744bca9c0_0;
    %flag_set/vec4 10;
    %flag_get/vec4 10;
    %jmp/0 T_17.7, 10;
    %load/vec4 v000001e744bca7e0_0;
    %pad/u 32;
    %pushi/vec4 0, 0, 32;
    %cmp/ne;
    %flag_get/vec4 4;
    %and;
T_17.7;
    %flag_set/vec4 9;
    %flag_get/vec4 9;
    %jmp/0 T_17.6, 9;
    %load/vec4 v000001e744bca7e0_0;
    %load/vec4 v000001e744bcace0_0;
    %cmp/e;
    %flag_get/vec4 4;
    %and;
T_17.6;
    %flag_set/vec4 8;
    %jmp/0xz  T_17.4, 8;
    %pushi/vec4 1, 0, 2;
    %store/vec4 v000001e744bcd650_0, 0, 2;
    %jmp T_17.5;
T_17.4 ;
    %pushi/vec4 0, 0, 2;
    %store/vec4 v000001e744bcd650_0, 0, 2;
T_17.5 ;
T_17.1 ;
    %load/vec4 v000001e744bca380_0;
    %flag_set/vec4 10;
    %flag_get/vec4 10;
    %jmp/0 T_17.11, 10;
    %load/vec4 v000001e744bca4c0_0;
    %pad/u 32;
    %pushi/vec4 0, 0, 32;
    %cmp/ne;
    %flag_get/vec4 4;
    %and;
T_17.11;
    %flag_set/vec4 9;
    %flag_get/vec4 9;
    %jmp/0 T_17.10, 9;
    %load/vec4 v000001e744bca4c0_0;
    %load/vec4 v000001e744bcbd20_0;
    %cmp/e;
    %flag_get/vec4 4;
    %and;
T_17.10;
    %flag_set/vec4 8;
    %jmp/0xz  T_17.8, 8;
    %pushi/vec4 2, 0, 2;
    %store/vec4 v000001e744bcdd30_0, 0, 2;
    %jmp T_17.9;
T_17.8 ;
    %load/vec4 v000001e744bca9c0_0;
    %flag_set/vec4 10;
    %flag_get/vec4 10;
    %jmp/0 T_17.15, 10;
    %load/vec4 v000001e744bca7e0_0;
    %pad/u 32;
    %pushi/vec4 0, 0, 32;
    %cmp/ne;
    %flag_get/vec4 4;
    %and;
T_17.15;
    %flag_set/vec4 9;
    %flag_get/vec4 9;
    %jmp/0 T_17.14, 9;
    %load/vec4 v000001e744bca7e0_0;
    %load/vec4 v000001e744bcbd20_0;
    %cmp/e;
    %flag_get/vec4 4;
    %and;
T_17.14;
    %flag_set/vec4 8;
    %jmp/0xz  T_17.12, 8;
    %pushi/vec4 1, 0, 2;
    %store/vec4 v000001e744bcdd30_0, 0, 2;
    %jmp T_17.13;
T_17.12 ;
    %pushi/vec4 0, 0, 2;
    %store/vec4 v000001e744bcdd30_0, 0, 2;
T_17.13 ;
T_17.9 ;
    %jmp T_17;
    .thread T_17, $push;
    .scope S_000001e7447e1250;
T_18 ;
    %wait E_000001e7448118f0;
    %load/vec4 v000001e744bcd650_0;
    %dup/vec4;
    %pushi/vec4 0, 0, 2;
    %cmp/u;
    %jmp/1 T_18.0, 6;
    %dup/vec4;
    %pushi/vec4 2, 0, 2;
    %cmp/u;
    %jmp/1 T_18.1, 6;
    %dup/vec4;
    %pushi/vec4 1, 0, 2;
    %cmp/u;
    %jmp/1 T_18.2, 6;
    %load/vec4 v000001e744bca6a0_0;
    %store/vec4 v000001e744bcd010_0, 0, 32;
    %jmp T_18.4;
T_18.0 ;
    %load/vec4 v000001e744bca6a0_0;
    %store/vec4 v000001e744bcd010_0, 0, 32;
    %jmp T_18.4;
T_18.1 ;
    %load/vec4 v000001e744bcb460_0;
    %store/vec4 v000001e744bcd010_0, 0, 32;
    %jmp T_18.4;
T_18.2 ;
    %load/vec4 v000001e744bcc930_0;
    %store/vec4 v000001e744bcd010_0, 0, 32;
    %jmp T_18.4;
T_18.4 ;
    %pop/vec4 1;
    %load/vec4 v000001e744bcdd30_0;
    %dup/vec4;
    %pushi/vec4 0, 0, 2;
    %cmp/u;
    %jmp/1 T_18.5, 6;
    %dup/vec4;
    %pushi/vec4 2, 0, 2;
    %cmp/u;
    %jmp/1 T_18.6, 6;
    %dup/vec4;
    %pushi/vec4 1, 0, 2;
    %cmp/u;
    %jmp/1 T_18.7, 6;
    %load/vec4 v000001e744bcb8c0_0;
    %store/vec4 v000001e744bcda10_0, 0, 32;
    %jmp T_18.9;
T_18.5 ;
    %load/vec4 v000001e744bcb8c0_0;
    %store/vec4 v000001e744bcda10_0, 0, 32;
    %jmp T_18.9;
T_18.6 ;
    %load/vec4 v000001e744bcb460_0;
    %store/vec4 v000001e744bcda10_0, 0, 32;
    %jmp T_18.9;
T_18.7 ;
    %load/vec4 v000001e744bcc930_0;
    %store/vec4 v000001e744bcda10_0, 0, 32;
    %jmp T_18.9;
T_18.9 ;
    %pop/vec4 1;
    %load/vec4 v000001e744bcb280_0;
    %dup/vec4;
    %pushi/vec4 0, 0, 2;
    %cmp/u;
    %jmp/1 T_18.10, 6;
    %dup/vec4;
    %pushi/vec4 1, 0, 2;
    %cmp/u;
    %jmp/1 T_18.11, 6;
    %dup/vec4;
    %pushi/vec4 2, 0, 2;
    %cmp/u;
    %jmp/1 T_18.12, 6;
    %load/vec4 v000001e744bcd010_0;
    %store/vec4 v000001e744bcccf0_0, 0, 32;
    %jmp T_18.14;
T_18.10 ;
    %load/vec4 v000001e744bcd010_0;
    %store/vec4 v000001e744bcccf0_0, 0, 32;
    %jmp T_18.14;
T_18.11 ;
    %load/vec4 v000001e744bca600_0;
    %store/vec4 v000001e744bcccf0_0, 0, 32;
    %jmp T_18.14;
T_18.12 ;
    %pushi/vec4 0, 0, 32;
    %store/vec4 v000001e744bcccf0_0, 0, 32;
    %jmp T_18.14;
T_18.14 ;
    %pop/vec4 1;
    %load/vec4 v000001e744bca420_0;
    %flag_set/vec4 8;
    %jmp/0 T_18.15, 8;
    %load/vec4 v000001e744bcbc80_0;
    %jmp/1 T_18.16, 8;
T_18.15 ; End of true expr.
    %load/vec4 v000001e744bcda10_0;
    %jmp/0 T_18.16, 8;
 ; End of false expr.
    %blend;
T_18.16;
    %store/vec4 v000001e744bcc570_0, 0, 32;
    %jmp T_18;
    .thread T_18, $push;
    .scope S_000001e7447e1250;
T_19 ;
    %wait E_000001e7447dfdb0;
    %load/vec4 v000001e744bcca70_0;
    %nor/r;
    %flag_set/vec4 8;
    %jmp/0xz  T_19.0, 8;
    %pushi/vec4 63, 0, 6;
    %assign/vec4 v000001e744bcdc90_0, 0;
    %jmp T_19.1;
T_19.0 ;
    %load/vec4 v000001e744bca880_0;
    %flag_set/vec4 9;
    %flag_get/vec4 9;
    %jmp/0 T_19.4, 9;
    %load/vec4 v000001e744bcc9d0_0;
    %and;
T_19.4;
    %flag_set/vec4 8;
    %jmp/0xz  T_19.2, 8;
    %load/vec4 v000001e744bcbbe0_0;
    %parti/s 6, 0, 2;
    %inv;
    %assign/vec4 v000001e744bcdc90_0, 0;
T_19.2 ;
T_19.1 ;
    %jmp T_19;
    .thread T_19;
    .scope S_000001e7447e1250;
T_20 ;
    %wait E_000001e744811830;
    %load/vec4 v000001e744bcbe60_0;
    %flag_set/vec4 8;
    %jmp/0 T_20.0, 8;
    %load/vec4 v000001e744bca740_0;
    %jmp/1 T_20.1, 8;
T_20.0 ; End of true expr.
    %load/vec4 v000001e744bcaf60_0;
    %jmp/0 T_20.1, 8;
 ; End of false expr.
    %blend;
T_20.1;
    %store/vec4 v000001e744bcc930_0, 0, 32;
    %jmp T_20;
    .thread T_20, $push;
    .scope S_000001e7447e1250;
T_21 ;
    %wait E_000001e7447dfe30;
    %load/vec4 v000001e744bcca70_0;
    %nor/r;
    %flag_set/vec4 8;
    %jmp/0xz  T_21.0, 8;
    %pushi/vec4 0, 0, 32;
    %assign/vec4 v000001e744bcba00_0, 0;
    %pushi/vec4 0, 0, 32;
    %assign/vec4 v000001e744bcaec0_0, 0;
    %pushi/vec4 0, 0, 1;
    %assign/vec4 v000001e744bcac40_0, 0;
    %pushi/vec4 0, 0, 1;
    %assign/vec4 v000001e744bcb320_0, 0;
    %pushi/vec4 0, 0, 1;
    %assign/vec4 v000001e744bca920_0, 0;
    %pushi/vec4 0, 0, 1;
    %assign/vec4 v000001e744bcb780_0, 0;
    %pushi/vec4 0, 0, 32;
    %assign/vec4 v000001e744bca6a0_0, 0;
    %pushi/vec4 0, 0, 32;
    %assign/vec4 v000001e744bcb8c0_0, 0;
    %pushi/vec4 0, 0, 32;
    %assign/vec4 v000001e744bcbc80_0, 0;
    %pushi/vec4 0, 0, 5;
    %assign/vec4 v000001e744bcace0_0, 0;
    %pushi/vec4 0, 0, 5;
    %assign/vec4 v000001e744bcbd20_0, 0;
    %pushi/vec4 0, 0, 5;
    %assign/vec4 v000001e744bcb820_0, 0;
    %pushi/vec4 0, 0, 1;
    %assign/vec4 v000001e744bca420_0, 0;
    %pushi/vec4 0, 0, 4;
    %assign/vec4 v000001e744bcaa60_0, 0;
    %pushi/vec4 0, 0, 32;
    %assign/vec4 v000001e744bca600_0, 0;
    %pushi/vec4 0, 0, 1;
    %assign/vec4 v000001e744bcab00_0, 0;
    %pushi/vec4 0, 0, 1;
    %assign/vec4 v000001e744bcb6e0_0, 0;
    %pushi/vec4 0, 0, 1;
    %assign/vec4 v000001e744bca880_0, 0;
    %pushi/vec4 0, 0, 1;
    %assign/vec4 v000001e744bca380_0, 0;
    %pushi/vec4 0, 0, 1;
    %assign/vec4 v000001e744bca560_0, 0;
    %pushi/vec4 0, 0, 32;
    %assign/vec4 v000001e744bcb460_0, 0;
    %pushi/vec4 0, 0, 32;
    %assign/vec4 v000001e744bcbbe0_0, 0;
    %pushi/vec4 0, 0, 5;
    %assign/vec4 v000001e744bca4c0_0, 0;
    %pushi/vec4 0, 0, 1;
    %assign/vec4 v000001e744bca9c0_0, 0;
    %pushi/vec4 0, 0, 1;
    %assign/vec4 v000001e744bcbe60_0, 0;
    %pushi/vec4 0, 0, 32;
    %assign/vec4 v000001e744bca740_0, 0;
    %pushi/vec4 0, 0, 32;
    %assign/vec4 v000001e744bcaf60_0, 0;
    %pushi/vec4 0, 0, 5;
    %assign/vec4 v000001e744bca7e0_0, 0;
    %jmp T_21.1;
T_21.0 ;
    %load/vec4 v000001e744bce1c0_0;
    %nor/r;
    %flag_set/vec4 8;
    %jmp/0xz  T_21.2, 8;
    %load/vec4 v000001e744bcd1f0_0;
    %flag_set/vec4 8;
    %jmp/0xz  T_21.4, 8;
    %pushi/vec4 0, 0, 32;
    %assign/vec4 v000001e744bcba00_0, 0;
    %pushi/vec4 0, 0, 32;
    %assign/vec4 v000001e744bcaec0_0, 0;
    %jmp T_21.5;
T_21.4 ;
    %load/vec4 v000001e744bcc7f0_0;
    %assign/vec4 v000001e744bcba00_0, 0;
    %load/vec4 v000001e744bcde70_0;
    %assign/vec4 v000001e744bcaec0_0, 0;
T_21.5 ;
T_21.2 ;
    %load/vec4 v000001e744bce1c0_0;
    %flag_set/vec4 8;
    %jmp/0xz  T_21.6, 8;
    %pushi/vec4 0, 0, 1;
    %assign/vec4 v000001e744bcac40_0, 0;
    %pushi/vec4 0, 0, 1;
    %assign/vec4 v000001e744bcb320_0, 0;
    %pushi/vec4 0, 0, 1;
    %assign/vec4 v000001e744bca920_0, 0;
    %pushi/vec4 0, 0, 1;
    %assign/vec4 v000001e744bcb780_0, 0;
    %pushi/vec4 0, 0, 1;
    %assign/vec4 v000001e744bcab00_0, 0;
    %pushi/vec4 0, 0, 2;
    %assign/vec4 v000001e744bcb280_0, 0;
    %pushi/vec4 0, 0, 5;
    %assign/vec4 v000001e744bcb820_0, 0;
    %pushi/vec4 0, 0, 5;
    %assign/vec4 v000001e744bcace0_0, 0;
    %pushi/vec4 0, 0, 5;
    %assign/vec4 v000001e744bcbd20_0, 0;
    %pushi/vec4 0, 0, 32;
    %assign/vec4 v000001e744bca600_0, 0;
    %jmp T_21.7;
T_21.6 ;
    %load/vec4 v000001e744bcd790_0;
    %pushi/vec4 3, 0, 7;
    %cmp/e;
    %flag_get/vec4 4;
    %assign/vec4 v000001e744bcac40_0, 0;
    %load/vec4 v000001e744bcd790_0;
    %pushi/vec4 35, 0, 7;
    %cmp/e;
    %flag_get/vec4 4;
    %assign/vec4 v000001e744bcb320_0, 0;
    %load/vec4 v000001e744bcc430_0;
    %assign/vec4 v000001e744bca920_0, 0;
    %load/vec4 v000001e744bcd6f0_0;
    %assign/vec4 v000001e744bcb780_0, 0;
    %load/vec4 v000001e744bcdf10_0;
    %assign/vec4 v000001e744bca6a0_0, 0;
    %load/vec4 v000001e744bcdfb0_0;
    %assign/vec4 v000001e744bcb8c0_0, 0;
    %load/vec4 v000001e744bcdab0_0;
    %assign/vec4 v000001e744bcbc80_0, 0;
    %load/vec4 v000001e744bccb10_0;
    %assign/vec4 v000001e744bcace0_0, 0;
    %load/vec4 v000001e744bccbb0_0;
    %assign/vec4 v000001e744bcbd20_0, 0;
    %load/vec4 v000001e744bcc890_0;
    %assign/vec4 v000001e744bcb820_0, 0;
    %load/vec4 v000001e744bcd5b0_0;
    %assign/vec4 v000001e744bca420_0, 0;
    %load/vec4 v000001e744bcd510_0;
    %assign/vec4 v000001e744bcaa60_0, 0;
    %load/vec4 v000001e744bcba00_0;
    %assign/vec4 v000001e744bca600_0, 0;
    %load/vec4 v000001e744bccc50_0;
    %assign/vec4 v000001e744bcab00_0, 0;
    %load/vec4 v000001e744bcc750_0;
    %assign/vec4 v000001e744bcb280_0, 0;
T_21.7 ;
    %load/vec4 v000001e744bcac40_0;
    %assign/vec4 v000001e744bcb6e0_0, 0;
    %load/vec4 v000001e744bcb320_0;
    %assign/vec4 v000001e744bca880_0, 0;
    %load/vec4 v000001e744bca920_0;
    %assign/vec4 v000001e744bca380_0, 0;
    %load/vec4 v000001e744bcb780_0;
    %assign/vec4 v000001e744bca560_0, 0;
    %load/vec4 v000001e744bcab00_0;
    %flag_set/vec4 8;
    %jmp/0xz  T_21.8, 8;
    %load/vec4 v000001e744bca600_0;
    %addi 4, 0, 32;
    %assign/vec4 v000001e744bcb460_0, 0;
    %jmp T_21.9;
T_21.8 ;
    %load/vec4 v000001e744bcd290_0;
    %assign/vec4 v000001e744bcb460_0, 0;
T_21.9 ;
    %load/vec4 v000001e744bcda10_0;
    %assign/vec4 v000001e744bcbbe0_0, 0;
    %load/vec4 v000001e744bcb820_0;
    %assign/vec4 v000001e744bca4c0_0, 0;
    %load/vec4 v000001e744bca380_0;
    %assign/vec4 v000001e744bca9c0_0, 0;
    %load/vec4 v000001e744bca560_0;
    %assign/vec4 v000001e744bcbe60_0, 0;
    %load/vec4 v000001e744bcb460_0;
    %cmpi/e 123, 0, 32;
    %jmp/0xz  T_21.10, 4;
    %pushi/vec4 0, 0, 31;
    %load/vec4 v000001e744bcc110_0;
    %inv;
    %concat/vec4; draw_concat_vec4
    %assign/vec4 v000001e744bca740_0, 0;
    %jmp T_21.11;
T_21.10 ;
    %load/vec4 v000001e744bcc390_0;
    %assign/vec4 v000001e744bca740_0, 0;
T_21.11 ;
    %load/vec4 v000001e744bcb460_0;
    %assign/vec4 v000001e744bcaf60_0, 0;
    %load/vec4 v000001e744bca4c0_0;
    %assign/vec4 v000001e744bca7e0_0, 0;
T_21.1 ;
    %jmp T_21;
    .thread T_21;
    .scope S_000001e7448310e0;
T_22 ;
    %pushi/vec4 0, 0, 1;
    %store/vec4 v000001e744bcfde0_0, 0, 1;
    %pushi/vec4 0, 0, 1;
    %store/vec4 v000001e744bce300_0, 0, 1;
    %pushi/vec4 1, 0, 1;
    %store/vec4 v000001e744bcfd40_0, 0, 1;
    %end;
    .thread T_22;
    .scope S_000001e7448310e0;
T_23 ;
    %delay 1000, 0;
    %load/vec4 v000001e744bcfde0_0;
    %inv;
    %store/vec4 v000001e744bcfde0_0, 0, 1;
    %jmp T_23;
    .thread T_23;
    .scope S_000001e7448310e0;
T_24 ;
    %vpi_call 2 22 "$dumpfile", "Top_testbench.vcd" {0 0 0};
    %vpi_call 2 23 "$dumpvars", 32'sb00000000000000000000000000000000, S_000001e7448310e0 {0 0 0};
    %end;
    .thread T_24;
    .scope S_000001e7448310e0;
T_25 ;
    %pushi/vec4 0, 0, 1;
    %store/vec4 v000001e744bce300_0, 0, 1;
    %pushi/vec4 1, 0, 1;
    %store/vec4 v000001e744bcfd40_0, 0, 1;
    %delay 10000, 0;
    %pushi/vec4 1, 0, 1;
    %store/vec4 v000001e744bce300_0, 0, 1;
    %delay 1000000, 0;
    %pushi/vec4 0, 0, 1;
    %store/vec4 v000001e744bcfd40_0, 0, 1;
    %delay 200000, 0;
    %pushi/vec4 1, 0, 1;
    %store/vec4 v000001e744bcfd40_0, 0, 1;
    %delay 1000000, 0;
    %vpi_call 2 36 "$finish" {0 0 0};
    %end;
    .thread T_25;
# The file index is used to find the file name in the following table.
:file_names 14;
    "N/A";
    "<interactive>";
    "tb/Top_testbench.v";
    "src/Top.v";
    "src/ClockDivider.v";
    "src/CPU.v";
    "src/ALU.v";
    "src/ALUControl.v";
    "src/DMem.v";
    "src/Decoder.v";
    "src/HazardDetectionUnit.v";
    "src/IMem.v";
    "src/PC.v";
    "src/RegisterFile.v";
